[2019-01-24 23:16:30] __rvm_make
__rvm_make () 
{ 
    \make "$@" || return $?
}
current path: /home/ec2-user/.rvm/src/ruby-2.5.3
PATH=/home/ec2-user/.nvm/versions/node/v6.16.0/bin:/sbin:/bin:/usr/sbin:/usr/bin:/usr/local/sbin:/opt/aws/bin:/home/ec2-user/.local/bin:/home/ec2-user/bin:/home/ec2-user/.rvm/bin:/home/ec2-user/.local/bin:/home/ec2-user/bin
command(2): __rvm_make install
++ make install
generating x86_64-linux-fake.rb
In file included from /usr/include/stdio.h:27:0,
                 from ./include/ruby/defines.h:112,
                 from ./include/ruby/ruby.h:29,
                 from ./version.c:12:
/usr/include/features.h:330:4: warning: #warning _FORTIFY_SOURCE requires compiling with optimization (-O) [-Wcpp]
 #  warning _FORTIFY_SOURCE requires compiling with optimization (-O)
    ^
cc1: warning: unrecognized command line option "-Wno-self-assign" [enabled by default]
cc1: warning: unrecognized command line option "-Wno-constant-logical-operand" [enabled by default]
cc1: warning: unrecognized command line option "-Wno-parentheses-equality" [enabled by default]
cc1: warning: unrecognized command line option "-Wno-tautological-compare" [enabled by default]
x86_64-linux-fake.rb updated
	CC = gcc
	LD = ld
	LDSHARED = gcc -shared
	CFLAGS = -O3 -ggdb3 -Wall -Wextra -Wno-unused-parameter -Wno-parentheses -Wno-long-long -Wno-missing-field-initializers -Wno-tautological-compare -Wno-parentheses-equality -Wno-constant-logical-operand -Wno-self-assign -Wunused-variable -Wimplicit-int -Wpointer-arith -Wwrite-strings -Wdeclaration-after-statement -Wimplicit-function-declaration -Wdeprecated-declarations -Wno-packed-bitfield-compat -Wsuggest-attribute=noreturn -Wsuggest-attribute=format -std=gnu99  -fPIC 
	XCFLAGS = -D_FORTIFY_SOURCE=2 -fstack-protector -fno-strict-overflow -fvisibility=hidden -fexcess-precision=standard -DRUBY_EXPORT
	CPPFLAGS =   -I. -I.ext/include/x86_64-linux -I./include -I. -I./enc/unicode/10.0.0
	DLDFLAGS = -Wl,-soname,libruby.so.2.5  -fstack-protector  
	SOLIBS = -lpthread -ldl -lcrypt -lm  
	LANG = en_US.UTF-8
	LC_ALL = 
	LC_CTYPE = 
gcc (GCC) 4.8.5 20150623 (Red Hat 4.8.5-28)
Copyright (C) 2015 Free Software Foundation, Inc.
This is free software; see the source for copying conditions.  There is NO
warranty; not even for MERCHANTABILITY or FITNESS FOR A PARTICULAR PURPOSE.

generating enc.mk
making srcs under enc
make[1]: Entering directory `/home/ec2-user/.rvm/src/ruby-2.5.3'
make[1]: Nothing to be done for `srcs'.
make[1]: Leaving directory `/home/ec2-user/.rvm/src/ruby-2.5.3'
generating transdb.h
transdb.h unchanged
generating makefiles ext/configure-ext.mk
ext/configure-ext.mk updated
make[1]: Entering directory `/home/ec2-user/.rvm/src/ruby-2.5.3'
make[1]: Leaving directory `/home/ec2-user/.rvm/src/ruby-2.5.3'
generating makefile exts.mk
exts.mk unchanged
make[1]: Entering directory `/home/ec2-user/.rvm/src/ruby-2.5.3'
make[2]: Entering directory `/home/ec2-user/.rvm/src/ruby-2.5.3/ext/digest'
make[2]: Leaving directory `/home/ec2-user/.rvm/src/ruby-2.5.3/ext/digest'
make[2]: Entering directory `/home/ec2-user/.rvm/src/ruby-2.5.3/ext/digest/bubblebabble'
make[2]: Leaving directory `/home/ec2-user/.rvm/src/ruby-2.5.3/ext/digest/bubblebabble'
make[2]: Entering directory `/home/ec2-user/.rvm/src/ruby-2.5.3/ext/digest/md5'
make[2]: Leaving directory `/home/ec2-user/.rvm/src/ruby-2.5.3/ext/digest/md5'
make[2]: Entering directory `/home/ec2-user/.rvm/src/ruby-2.5.3/ext/digest/rmd160'
make[2]: Leaving directory `/home/ec2-user/.rvm/src/ruby-2.5.3/ext/digest/rmd160'
make[2]: Entering directory `/home/ec2-user/.rvm/src/ruby-2.5.3/ext/digest/sha1'
make[2]: Leaving directory `/home/ec2-user/.rvm/src/ruby-2.5.3/ext/digest/sha1'
make[2]: Entering directory `/home/ec2-user/.rvm/src/ruby-2.5.3/ext/digest/sha2'
make[2]: Leaving directory `/home/ec2-user/.rvm/src/ruby-2.5.3/ext/digest/sha2'
make[2]: Entering directory `/home/ec2-user/.rvm/src/ruby-2.5.3/ext/cgi/escape'
make[2]: Leaving directory `/home/ec2-user/.rvm/src/ruby-2.5.3/ext/cgi/escape'
make[2]: Entering directory `/home/ec2-user/.rvm/src/ruby-2.5.3/ext/zlib'
make[2]: Leaving directory `/home/ec2-user/.rvm/src/ruby-2.5.3/ext/zlib'
make[2]: Entering directory `/home/ec2-user/.rvm/src/ruby-2.5.3/ext/fiddle'
make[2]: Leaving directory `/home/ec2-user/.rvm/src/ruby-2.5.3/ext/fiddle'
make[2]: Entering directory `/home/ec2-user/.rvm/src/ruby-2.5.3/ext/coverage'
make[2]: Leaving directory `/home/ec2-user/.rvm/src/ruby-2.5.3/ext/coverage'
make[2]: Entering directory `/home/ec2-user/.rvm/src/ruby-2.5.3/ext/stringio'
make[2]: Leaving directory `/home/ec2-user/.rvm/src/ruby-2.5.3/ext/stringio'
make[2]: Entering directory `/home/ec2-user/.rvm/src/ruby-2.5.3/ext/bigdecimal'
make[2]: Leaving directory `/home/ec2-user/.rvm/src/ruby-2.5.3/ext/bigdecimal'
make[2]: Entering directory `/home/ec2-user/.rvm/src/ruby-2.5.3/ext/racc/cparse'
make[2]: Leaving directory `/home/ec2-user/.rvm/src/ruby-2.5.3/ext/racc/cparse'
make[2]: Entering directory `/home/ec2-user/.rvm/src/ruby-2.5.3/ext/fcntl'
make[2]: Leaving directory `/home/ec2-user/.rvm/src/ruby-2.5.3/ext/fcntl'
make[2]: Entering directory `/home/ec2-user/.rvm/src/ruby-2.5.3/ext/objspace'
make[2]: Leaving directory `/home/ec2-user/.rvm/src/ruby-2.5.3/ext/objspace'
make[2]: Entering directory `/home/ec2-user/.rvm/src/ruby-2.5.3/ext/dbm'
make[2]: Leaving directory `/home/ec2-user/.rvm/src/ruby-2.5.3/ext/dbm'
make[2]: Entering directory `/home/ec2-user/.rvm/src/ruby-2.5.3/ext/fiber'
make[2]: Leaving directory `/home/ec2-user/.rvm/src/ruby-2.5.3/ext/fiber'
make[2]: Entering directory `/home/ec2-user/.rvm/src/ruby-2.5.3/ext/nkf'
make[2]: Leaving directory `/home/ec2-user/.rvm/src/ruby-2.5.3/ext/nkf'
make[2]: Entering directory `/home/ec2-user/.rvm/src/ruby-2.5.3/ext/gdbm'
make[2]: Leaving directory `/home/ec2-user/.rvm/src/ruby-2.5.3/ext/gdbm'
make[2]: Entering directory `/home/ec2-user/.rvm/src/ruby-2.5.3/ext/json'
make[2]: Leaving directory `/home/ec2-user/.rvm/src/ruby-2.5.3/ext/json'
make[2]: Entering directory `/home/ec2-user/.rvm/src/ruby-2.5.3/ext/json/generator'
make[2]: Leaving directory `/home/ec2-user/.rvm/src/ruby-2.5.3/ext/json/generator'
make[2]: Entering directory `/home/ec2-user/.rvm/src/ruby-2.5.3/ext/json/parser'
make[2]: Leaving directory `/home/ec2-user/.rvm/src/ruby-2.5.3/ext/json/parser'
make[2]: Entering directory `/home/ec2-user/.rvm/src/ruby-2.5.3/ext/pathname'
make[2]: Leaving directory `/home/ec2-user/.rvm/src/ruby-2.5.3/ext/pathname'
make[2]: Entering directory `/home/ec2-user/.rvm/src/ruby-2.5.3/ext/socket'
make[2]: Leaving directory `/home/ec2-user/.rvm/src/ruby-2.5.3/ext/socket'
make[2]: Entering directory `/home/ec2-user/.rvm/src/ruby-2.5.3/ext/strscan'
make[2]: Leaving directory `/home/ec2-user/.rvm/src/ruby-2.5.3/ext/strscan'
make[2]: Entering directory `/home/ec2-user/.rvm/src/ruby-2.5.3/ext/openssl'
make[2]: Leaving directory `/home/ec2-user/.rvm/src/ruby-2.5.3/ext/openssl'
make[2]: Entering directory `/home/ec2-user/.rvm/src/ruby-2.5.3/ext/syslog'
make[2]: Leaving directory `/home/ec2-user/.rvm/src/ruby-2.5.3/ext/syslog'
make[2]: Entering directory `/home/ec2-user/.rvm/src/ruby-2.5.3/ext/sdbm'
make[2]: Leaving directory `/home/ec2-user/.rvm/src/ruby-2.5.3/ext/sdbm'
make[2]: Entering directory `/home/ec2-user/.rvm/src/ruby-2.5.3/ext/rubyvm'
make[2]: Leaving directory `/home/ec2-user/.rvm/src/ruby-2.5.3/ext/rubyvm'
make[2]: Entering directory `/home/ec2-user/.rvm/src/ruby-2.5.3/ext/-test-/array/resize'
make[2]: Leaving directory `/home/ec2-user/.rvm/src/ruby-2.5.3/ext/-test-/array/resize'
make[2]: Entering directory `/home/ec2-user/.rvm/src/ruby-2.5.3/ext/-test-/bignum'
make[2]: Leaving directory `/home/ec2-user/.rvm/src/ruby-2.5.3/ext/-test-/bignum'
make[2]: Entering directory `/home/ec2-user/.rvm/src/ruby-2.5.3/ext/-test-/bug-3571'
make[2]: Leaving directory `/home/ec2-user/.rvm/src/ruby-2.5.3/ext/-test-/bug-3571'
make[2]: Entering directory `/home/ec2-user/.rvm/src/ruby-2.5.3/ext/-test-/bug-5832'
make[2]: Leaving directory `/home/ec2-user/.rvm/src/ruby-2.5.3/ext/-test-/bug-5832'
make[2]: Entering directory `/home/ec2-user/.rvm/src/ruby-2.5.3/ext/-test-/bug_reporter'
make[2]: Leaving directory `/home/ec2-user/.rvm/src/ruby-2.5.3/ext/-test-/bug_reporter'
make[2]: Entering directory `/home/ec2-user/.rvm/src/ruby-2.5.3/ext/-test-/class'
make[2]: Leaving directory `/home/ec2-user/.rvm/src/ruby-2.5.3/ext/-test-/class'
make[2]: Entering directory `/home/ec2-user/.rvm/src/ruby-2.5.3/ext/-test-/debug'
make[2]: Leaving directory `/home/ec2-user/.rvm/src/ruby-2.5.3/ext/-test-/debug'
make[2]: Entering directory `/home/ec2-user/.rvm/src/ruby-2.5.3/ext/-test-/dln/empty'
make[2]: Leaving directory `/home/ec2-user/.rvm/src/ruby-2.5.3/ext/-test-/dln/empty'
make[2]: Entering directory `/home/ec2-user/.rvm/src/ruby-2.5.3/ext/-test-/exception'
make[2]: Leaving directory `/home/ec2-user/.rvm/src/ruby-2.5.3/ext/-test-/exception'
make[2]: Entering directory `/home/ec2-user/.rvm/src/ruby-2.5.3/ext/-test-/fatal'
make[2]: Leaving directory `/home/ec2-user/.rvm/src/ruby-2.5.3/ext/-test-/fatal'
make[2]: Entering directory `/home/ec2-user/.rvm/src/ruby-2.5.3/ext/-test-/file'
make[2]: Leaving directory `/home/ec2-user/.rvm/src/ruby-2.5.3/ext/-test-/file'
make[2]: Entering directory `/home/ec2-user/.rvm/src/ruby-2.5.3/ext/-test-/float'
make[2]: Leaving directory `/home/ec2-user/.rvm/src/ruby-2.5.3/ext/-test-/float'
make[2]: Entering directory `/home/ec2-user/.rvm/src/ruby-2.5.3/ext/-test-/funcall'
make[2]: Leaving directory `/home/ec2-user/.rvm/src/ruby-2.5.3/ext/-test-/funcall'
make[2]: Entering directory `/home/ec2-user/.rvm/src/ruby-2.5.3/ext/-test-/gvl/call_without_gvl'
make[2]: Leaving directory `/home/ec2-user/.rvm/src/ruby-2.5.3/ext/-test-/gvl/call_without_gvl'
make[2]: Entering directory `/home/ec2-user/.rvm/src/ruby-2.5.3/ext/-test-/hash'
make[2]: Leaving directory `/home/ec2-user/.rvm/src/ruby-2.5.3/ext/-test-/hash'
make[2]: Entering directory `/home/ec2-user/.rvm/src/ruby-2.5.3/ext/-test-/integer'
make[2]: Leaving directory `/home/ec2-user/.rvm/src/ruby-2.5.3/ext/-test-/integer'
make[2]: Entering directory `/home/ec2-user/.rvm/src/ruby-2.5.3/ext/-test-/iseq_load'
make[2]: Leaving directory `/home/ec2-user/.rvm/src/ruby-2.5.3/ext/-test-/iseq_load'
make[2]: Entering directory `/home/ec2-user/.rvm/src/ruby-2.5.3/ext/-test-/iter'
make[2]: Leaving directory `/home/ec2-user/.rvm/src/ruby-2.5.3/ext/-test-/iter'
make[2]: Entering directory `/home/ec2-user/.rvm/src/ruby-2.5.3/ext/-test-/load/dot.dot'
make[2]: Leaving directory `/home/ec2-user/.rvm/src/ruby-2.5.3/ext/-test-/load/dot.dot'
make[2]: Entering directory `/home/ec2-user/.rvm/src/ruby-2.5.3/ext/-test-/load/protect'
make[2]: Leaving directory `/home/ec2-user/.rvm/src/ruby-2.5.3/ext/-test-/load/protect'
make[2]: Entering directory `/home/ec2-user/.rvm/src/ruby-2.5.3/ext/-test-/marshal/compat'
make[2]: Leaving directory `/home/ec2-user/.rvm/src/ruby-2.5.3/ext/-test-/marshal/compat'
make[2]: Entering directory `/home/ec2-user/.rvm/src/ruby-2.5.3/ext/-test-/marshal/internal_ivar'
make[2]: Leaving directory `/home/ec2-user/.rvm/src/ruby-2.5.3/ext/-test-/marshal/internal_ivar'
make[2]: Entering directory `/home/ec2-user/.rvm/src/ruby-2.5.3/ext/-test-/marshal/usr'
make[2]: Leaving directory `/home/ec2-user/.rvm/src/ruby-2.5.3/ext/-test-/marshal/usr'
make[2]: Entering directory `/home/ec2-user/.rvm/src/ruby-2.5.3/ext/-test-/memory_status'
make[2]: Leaving directory `/home/ec2-user/.rvm/src/ruby-2.5.3/ext/-test-/memory_status'
make[2]: Entering directory `/home/ec2-user/.rvm/src/ruby-2.5.3/ext/-test-/method'
make[2]: Leaving directory `/home/ec2-user/.rvm/src/ruby-2.5.3/ext/-test-/method'
make[2]: Entering directory `/home/ec2-user/.rvm/src/ruby-2.5.3/ext/-test-/notimplement'
make[2]: Leaving directory `/home/ec2-user/.rvm/src/ruby-2.5.3/ext/-test-/notimplement'
make[2]: Entering directory `/home/ec2-user/.rvm/src/ruby-2.5.3/ext/-test-/num2int'
make[2]: Leaving directory `/home/ec2-user/.rvm/src/ruby-2.5.3/ext/-test-/num2int'
make[2]: Entering directory `/home/ec2-user/.rvm/src/ruby-2.5.3/ext/-test-/path_to_class'
make[2]: Leaving directory `/home/ec2-user/.rvm/src/ruby-2.5.3/ext/-test-/path_to_class'
make[2]: Entering directory `/home/ec2-user/.rvm/src/ruby-2.5.3/ext/-test-/popen_deadlock'
make[2]: Leaving directory `/home/ec2-user/.rvm/src/ruby-2.5.3/ext/-test-/popen_deadlock'
make[2]: Entering directory `/home/ec2-user/.rvm/src/ruby-2.5.3/ext/-test-/postponed_job'
make[2]: Leaving directory `/home/ec2-user/.rvm/src/ruby-2.5.3/ext/-test-/postponed_job'
make[2]: Entering directory `/home/ec2-user/.rvm/src/ruby-2.5.3/ext/-test-/printf'
make[2]: Leaving directory `/home/ec2-user/.rvm/src/ruby-2.5.3/ext/-test-/printf'
make[2]: Entering directory `/home/ec2-user/.rvm/src/ruby-2.5.3/ext/-test-/proc'
make[2]: Leaving directory `/home/ec2-user/.rvm/src/ruby-2.5.3/ext/-test-/proc'
make[2]: Entering directory `/home/ec2-user/.rvm/src/ruby-2.5.3/ext/-test-/rational'
make[2]: Leaving directory `/home/ec2-user/.rvm/src/ruby-2.5.3/ext/-test-/rational'
make[2]: Entering directory `/home/ec2-user/.rvm/src/ruby-2.5.3/ext/-test-/recursion'
make[2]: Leaving directory `/home/ec2-user/.rvm/src/ruby-2.5.3/ext/-test-/recursion'
make[2]: Entering directory `/home/ec2-user/.rvm/src/ruby-2.5.3/ext/-test-/regexp'
make[2]: Leaving directory `/home/ec2-user/.rvm/src/ruby-2.5.3/ext/-test-/regexp'
make[2]: Entering directory `/home/ec2-user/.rvm/src/ruby-2.5.3/ext/-test-/scan_args'
make[2]: Leaving directory `/home/ec2-user/.rvm/src/ruby-2.5.3/ext/-test-/scan_args'
make[2]: Entering directory `/home/ec2-user/.rvm/src/ruby-2.5.3/ext/-test-/st/foreach'
make[2]: Leaving directory `/home/ec2-user/.rvm/src/ruby-2.5.3/ext/-test-/st/foreach'
make[2]: Entering directory `/home/ec2-user/.rvm/src/ruby-2.5.3/ext/-test-/st/numhash'
make[2]: Leaving directory `/home/ec2-user/.rvm/src/ruby-2.5.3/ext/-test-/st/numhash'
make[2]: Entering directory `/home/ec2-user/.rvm/src/ruby-2.5.3/ext/-test-/st/update'
make[2]: Leaving directory `/home/ec2-user/.rvm/src/ruby-2.5.3/ext/-test-/st/update'
make[2]: Entering directory `/home/ec2-user/.rvm/src/ruby-2.5.3/ext/-test-/string'
make[2]: Leaving directory `/home/ec2-user/.rvm/src/ruby-2.5.3/ext/-test-/string'
make[2]: Entering directory `/home/ec2-user/.rvm/src/ruby-2.5.3/ext/-test-/struct'
make[2]: Leaving directory `/home/ec2-user/.rvm/src/ruby-2.5.3/ext/-test-/struct'
make[2]: Entering directory `/home/ec2-user/.rvm/src/ruby-2.5.3/ext/-test-/symbol'
make[2]: Leaving directory `/home/ec2-user/.rvm/src/ruby-2.5.3/ext/-test-/symbol'
make[2]: Entering directory `/home/ec2-user/.rvm/src/ruby-2.5.3/ext/-test-/thread_fd_close'
make[2]: Leaving directory `/home/ec2-user/.rvm/src/ruby-2.5.3/ext/-test-/thread_fd_close'
make[2]: Entering directory `/home/ec2-user/.rvm/src/ruby-2.5.3/ext/-test-/time'
make[2]: Leaving directory `/home/ec2-user/.rvm/src/ruby-2.5.3/ext/-test-/time'
make[2]: Entering directory `/home/ec2-user/.rvm/src/ruby-2.5.3/ext/-test-/tracepoint'
make[2]: Leaving directory `/home/ec2-user/.rvm/src/ruby-2.5.3/ext/-test-/tracepoint'
make[2]: Entering directory `/home/ec2-user/.rvm/src/ruby-2.5.3/ext/-test-/typeddata'
make[2]: Leaving directory `/home/ec2-user/.rvm/src/ruby-2.5.3/ext/-test-/typeddata'
make[2]: Entering directory `/home/ec2-user/.rvm/src/ruby-2.5.3/ext/-test-/vm'
make[2]: Leaving directory `/home/ec2-user/.rvm/src/ruby-2.5.3/ext/-test-/vm'
make[2]: Entering directory `/home/ec2-user/.rvm/src/ruby-2.5.3/ext/-test-/wait_for_single_fd'
make[2]: Leaving directory `/home/ec2-user/.rvm/src/ruby-2.5.3/ext/-test-/wait_for_single_fd'
make[2]: Entering directory `/home/ec2-user/.rvm/src/ruby-2.5.3/ext/pty'
make[2]: Leaving directory `/home/ec2-user/.rvm/src/ruby-2.5.3/ext/pty'
make[2]: Entering directory `/home/ec2-user/.rvm/src/ruby-2.5.3/ext/etc'
make[2]: Leaving directory `/home/ec2-user/.rvm/src/ruby-2.5.3/ext/etc'
make[2]: Entering directory `/home/ec2-user/.rvm/src/ruby-2.5.3/ext/continuation'
make[2]: Leaving directory `/home/ec2-user/.rvm/src/ruby-2.5.3/ext/continuation'
make[2]: Entering directory `/home/ec2-user/.rvm/src/ruby-2.5.3/ext/date'
make[2]: Leaving directory `/home/ec2-user/.rvm/src/ruby-2.5.3/ext/date'
make[2]: Entering directory `/home/ec2-user/.rvm/src/ruby-2.5.3/ext/rbconfig/sizeof'
make[2]: Leaving directory `/home/ec2-user/.rvm/src/ruby-2.5.3/ext/rbconfig/sizeof'
make[2]: Entering directory `/home/ec2-user/.rvm/src/ruby-2.5.3/ext/io/console'
make[2]: Leaving directory `/home/ec2-user/.rvm/src/ruby-2.5.3/ext/io/console'
make[2]: Entering directory `/home/ec2-user/.rvm/src/ruby-2.5.3/ext/io/nonblock'
make[2]: Leaving directory `/home/ec2-user/.rvm/src/ruby-2.5.3/ext/io/nonblock'
make[2]: Entering directory `/home/ec2-user/.rvm/src/ruby-2.5.3/ext/io/wait'
make[2]: Leaving directory `/home/ec2-user/.rvm/src/ruby-2.5.3/ext/io/wait'
make[2]: Entering directory `/home/ec2-user/.rvm/src/ruby-2.5.3/ext/ripper'
make[2]: Leaving directory `/home/ec2-user/.rvm/src/ruby-2.5.3/ext/ripper'
make[2]: Entering directory `/home/ec2-user/.rvm/src/ruby-2.5.3/ext/psych'
make[2]: Leaving directory `/home/ec2-user/.rvm/src/ruby-2.5.3/ext/psych'
make[2]: Entering directory `/home/ec2-user/.rvm/src/ruby-2.5.3/ext/readline'
make[2]: Leaving directory `/home/ec2-user/.rvm/src/ruby-2.5.3/ext/readline'
make[2]: Entering directory `/home/ec2-user/.rvm/src/ruby-2.5.3'
make[2]: `ruby' is up to date.
make[2]: Leaving directory `/home/ec2-user/.rvm/src/ruby-2.5.3'
make[1]: Leaving directory `/home/ec2-user/.rvm/src/ruby-2.5.3'
make[1]: Entering directory `/home/ec2-user/.rvm/src/ruby-2.5.3'
*** Following extensions are not compiled:
dbm:
	Could not be configured. It will not be installed.
	Check ext/dbm/mkmf.log for more details.
gdbm:
	Could not be configured. It will not be installed.
	Check ext/gdbm/mkmf.log for more details.
*** Fix the problems, then remove these directories and try again if you want.
make[1]: Leaving directory `/home/ec2-user/.rvm/src/ruby-2.5.3'
making enc
make[1]: Entering directory `/home/ec2-user/.rvm/src/ruby-2.5.3'
make[1]: Nothing to be done for `enc'.
make[1]: Leaving directory `/home/ec2-user/.rvm/src/ruby-2.5.3'
making trans
make[1]: Entering directory `/home/ec2-user/.rvm/src/ruby-2.5.3'
make[1]: Nothing to be done for `./enc/trans'.
make[1]: Leaving directory `/home/ec2-user/.rvm/src/ruby-2.5.3'
making encs
make[1]: Entering directory `/home/ec2-user/.rvm/src/ruby-2.5.3'
make[1]: Nothing to be done for `encs'.
make[1]: Leaving directory `/home/ec2-user/.rvm/src/ruby-2.5.3'
./miniruby -I./lib -I. -I.ext/common  ./tool/runruby.rb --extout=.ext  -- --disable-gems -r./x86_64-linux-fake ./tool/rbinstall.rb --make="make" --dest-dir="" --extout=".ext" --mflags="" --make-flags="" --data-mode=0644 --prog-mode=0755 --installed-list .installed.list --mantype="doc"
installing binary commands:         /home/ec2-user/.rvm/rubies/ruby-2.5.3/bin
installing base libraries:          /home/ec2-user/.rvm/rubies/ruby-2.5.3/lib
installing arch files:              /home/ec2-user/.rvm/rubies/ruby-2.5.3/lib/ruby/2.5.0/x86_64-linux
installing pkgconfig data:          /home/ec2-user/.rvm/rubies/ruby-2.5.3/lib/pkgconfig
installing command scripts:         /home/ec2-user/.rvm/rubies/ruby-2.5.3/bin
installing library scripts:         /home/ec2-user/.rvm/rubies/ruby-2.5.3/lib/ruby/2.5.0
installing common headers:          /home/ec2-user/.rvm/rubies/ruby-2.5.3/include/ruby-2.5.0
installing manpages:                /home/ec2-user/.rvm/rubies/ruby-2.5.3/share/man/man1
installing extension objects:       /home/ec2-user/.rvm/rubies/ruby-2.5.3/lib/ruby/2.5.0/x86_64-linux
installing extension objects:       /home/ec2-user/.rvm/rubies/ruby-2.5.3/lib/ruby/site_ruby/2.5.0/x86_64-linux
installing extension objects:       /home/ec2-user/.rvm/rubies/ruby-2.5.3/lib/ruby/vendor_ruby/2.5.0/x86_64-linux
installing extension headers:       /home/ec2-user/.rvm/rubies/ruby-2.5.3/include/ruby-2.5.0/x86_64-linux
installing extension scripts:       /home/ec2-user/.rvm/rubies/ruby-2.5.3/lib/ruby/2.5.0
installing extension scripts:       /home/ec2-user/.rvm/rubies/ruby-2.5.3/lib/ruby/site_ruby/2.5.0
installing extension scripts:       /home/ec2-user/.rvm/rubies/ruby-2.5.3/lib/ruby/vendor_ruby/2.5.0
installing extension headers:       /home/ec2-user/.rvm/rubies/ruby-2.5.3/include/ruby-2.5.0/ruby
installing default gems from lib:   /home/ec2-user/.rvm/rubies/ruby-2.5.3/lib/ruby/gems/2.5.0 (build_info, cache, doc, extensions, gems, specifications)
                                    cmath 1.0.0
                                    csv 1.0.0
                                    fileutils 1.0.2
                                    ipaddr 1.2.0
                                    rdoc 6.0.1
                                    scanf 1.0.0
                                    webrick 1.4.2
installing default gems from ext:   /home/ec2-user/.rvm/rubies/ruby-2.5.3/lib/ruby/gems/2.5.0 (build_info, cache, doc, extensions, gems, specifications)
                                    bigdecimal 1.3.4
                                    date 1.0.0
                                    etc 1.0.0
                                    fcntl 1.0.0
                                    fiddle 1.0.0
                                    io-console 0.4.6
                                    json 2.1.0
                                    openssl 2.1.2
                                    psych 3.0.2
                                    sdbm 1.0.0
                                    stringio 0.0.1
                                    strscan 1.0.0
                                    zlib 1.0.0
installing bundled gems:            /home/ec2-user/.rvm/rubies/ruby-2.5.3/lib/ruby/gems/2.5.0 (build_info, cache, doc, extensions, gems, specifications)
                                    did_you_mean 1.2.0
                                    rake 12.3.0
                                    minitest 5.10.3
                                    power_assert 1.1.1
                                    net-telnet 0.1.1
                                    test-unit 3.2.7
                                    xmlrpc 0.3.0
