[2019-01-24 23:14:22] requirements_centos_libs_install
requirements_centos_libs_install () 
{ 
    __rvm_try_sudo yum install -y "$@" || return $?
}
current path: /home/ec2-user
PATH=/home/ec2-user/.nvm/versions/node/v6.16.0/bin:/sbin:/bin:/usr/sbin:/usr/bin:/usr/local/sbin:/opt/aws/bin:/home/ec2-user/.local/bin:/home/ec2-user/bin:/home/ec2-user/.rvm/bin:/home/ec2-user/.local/bin:/home/ec2-user/bin
command(11): requirements_centos_libs_install patch autoconf automake bison libffi-devel libtool patch readline-devel sqlite-devel libyaml-devel
++ __rvm_try_sudo yum install -y patch autoconf automake bison libffi-devel libtool patch readline-devel sqlite-devel libyaml-devel
++ typeset -a command_to_run
++ typeset sudo_path sbin_path missing_paths
++ command_to_run=("$@")
++ ((  UID == 0  ))
++ case "$rvm_autolibs_flag_number" in
++ is_a_function __rvm_sudo
++ typeset -f __rvm_sudo
++ missing_paths=
++ for sbin_path in /sbin /usr/sbin /usr/local/sbin
++ [[ -d /sbin ]]
++ [[ :/home/ec2-user/.nvm/versions/node/v6.16.0/bin:/sbin:/bin:/usr/sbin:/usr/bin:/usr/local/sbin:/opt/aws/bin:/home/ec2-user/.local/bin:/home/ec2-user/bin:/home/ec2-user/.rvm/bin:/home/ec2-user/.local/bin:/home/ec2-user/bin: != *\:\/\s\b\i\n\:* ]]
++ for sbin_path in /sbin /usr/sbin /usr/local/sbin
++ [[ -d /usr/sbin ]]
++ [[ :/home/ec2-user/.nvm/versions/node/v6.16.0/bin:/sbin:/bin:/usr/sbin:/usr/bin:/usr/local/sbin:/opt/aws/bin:/home/ec2-user/.local/bin:/home/ec2-user/bin:/home/ec2-user/.rvm/bin:/home/ec2-user/.local/bin:/home/ec2-user/bin: != *\:\/\u\s\r\/\s\b\i\n\:* ]]
++ for sbin_path in /sbin /usr/sbin /usr/local/sbin
++ [[ -d /usr/local/sbin ]]
++ [[ :/home/ec2-user/.nvm/versions/node/v6.16.0/bin:/sbin:/bin:/usr/sbin:/usr/bin:/usr/local/sbin:/opt/aws/bin:/home/ec2-user/.local/bin:/home/ec2-user/bin:/home/ec2-user/.rvm/bin:/home/ec2-user/.local/bin:/home/ec2-user/bin: != *\:\/\u\s\r\/\l\o\c\a\l\/\s\b\i\n\:* ]]
++ [[ -n '' ]]
++ command_to_run=(__rvm_sudo -p "%p password required for '$*': " "${command_to_run[@]}")
++ __rvm_sudo -p '%p password required for '\''yum install -y patch autoconf automake bison libffi-devel libtool patch readline-devel sqlite-devel libyaml-devel'\'': ' yum install -y patch autoconf automake bison libffi-devel libtool patch readline-devel sqlite-devel libyaml-devel
++ command sudo -p '%p password required for '\''yum install -y patch autoconf automake bison libffi-devel libtool patch readline-devel sqlite-devel libyaml-devel'\'': ' yum install -y patch autoconf automake bison libffi-devel libtool patch readline-devel sqlite-devel libyaml-devel
++ sudo -p '%p password required for '\''yum install -y patch autoconf automake bison libffi-devel libtool patch readline-devel sqlite-devel libyaml-devel'\'': ' yum install -y patch autoconf automake bison libffi-devel libtool patch readline-devel sqlite-devel libyaml-devel
Loaded plugins: priorities, update-motd, upgrade-helper
1054 packages excluded due to repository priority protections
Resolving Dependencies
--> Running transaction check
---> Package autoconf.noarch 0:2.69-11.9.amzn1 will be installed
--> Processing Dependency: m4 >= 1.4.14 for package: autoconf-2.69-11.9.amzn1.noarch
---> Package automake.noarch 0:1.13.4-3.15.amzn1 will be installed
--> Processing Dependency: perl(Thread::Queue) for package: automake-1.13.4-3.15.amzn1.noarch
--> Processing Dependency: perl(TAP::Parser) for package: automake-1.13.4-3.15.amzn1.noarch
---> Package bison.x86_64 0:2.7-4.11.amzn1 will be installed
---> Package libffi-devel.x86_64 0:3.0.13-16.5.amzn1 will be installed
---> Package libtool.x86_64 0:2.4.2-20.4.8.5.32.amzn1 will be installed
---> Package libyaml-devel.x86_64 0:0.1.6-6.7.amzn1 will be installed
---> Package patch.x86_64 0:2.7.1-10.10.amzn1 will be installed
---> Package readline-devel.x86_64 0:6.2-9.14.amzn1 will be installed
--> Processing Dependency: ncurses-devel for package: readline-devel-6.2-9.14.amzn1.x86_64
---> Package sqlite-devel.x86_64 0:3.7.17-8.14.amzn1 will be installed
--> Running transaction check
---> Package m4.x86_64 0:1.4.16-9.10.amzn1 will be installed
---> Package ncurses-devel.x86_64 0:5.7-4.20090207.14.amzn1 will be installed
---> Package perl-Test-Harness.noarch 0:3.28-3.6.amzn1 will be installed
---> Package perl-Thread-Queue.noarch 0:3.02-2.5.amzn1 will be installed
--> Finished Dependency Resolution

Dependencies Resolved

================================================================================
 Package             Arch     Version                      Repository      Size
================================================================================
Installing:
 autoconf            noarch   2.69-11.9.amzn1              amzn-main      915 k
 automake            noarch   1.13.4-3.15.amzn1            amzn-main      718 k
 bison               x86_64   2.7-4.11.amzn1               amzn-main      645 k
 libffi-devel        x86_64   3.0.13-16.5.amzn1            amzn-main       23 k
 libtool             x86_64   2.4.2-20.4.8.5.32.amzn1      amzn-main      737 k
 libyaml-devel       x86_64   0.1.6-6.7.amzn1              amzn-main      124 k
 patch               x86_64   2.7.1-10.10.amzn1            amzn-updates   114 k
 readline-devel      x86_64   6.2-9.14.amzn1               amzn-main      141 k
 sqlite-devel        x86_64   3.7.17-8.14.amzn1            amzn-main      111 k
Installing for dependencies:
 m4                  x86_64   1.4.16-9.10.amzn1            amzn-main      263 k
 ncurses-devel       x86_64   5.7-4.20090207.14.amzn1      amzn-main      683 k
 perl-Test-Harness   noarch   3.28-3.6.amzn1               amzn-main      314 k
 perl-Thread-Queue   noarch   3.02-2.5.amzn1               amzn-main       17 k

Transaction Summary
================================================================================
Install  9 Packages (+4 Dependent packages)

Total download size: 4.7 M
Installed size: 12 M
Downloading packages:
--------------------------------------------------------------------------------
Total                                              9.3 MB/s | 4.7 MB  00:00     
Running transaction check
Running transaction test
Transaction test succeeded
Running transaction
  Installing : m4-1.4.16-9.10.amzn1.x86_64                                 1/13 
  Installing : autoconf-2.69-11.9.amzn1.noarch                             2/13 
  Installing : ncurses-devel-5.7-4.20090207.14.amzn1.x86_64                3/13 
  Installing : perl-Test-Harness-3.28-3.6.amzn1.noarch                     4/13 
  Installing : perl-Thread-Queue-3.02-2.5.amzn1.noarch                     5/13 
  Installing : automake-1.13.4-3.15.amzn1.noarch                           6/13 
  Installing : libtool-2.4.2-20.4.8.5.32.amzn1.x86_64                      7/13 
  Installing : readline-devel-6.2-9.14.amzn1.x86_64                        8/13 
  Installing : bison-2.7-4.11.amzn1.x86_64                                 9/13 
  Installing : libffi-devel-3.0.13-16.5.amzn1.x86_64                      10/13 
  Installing : sqlite-devel-3.7.17-8.14.amzn1.x86_64                      11/13 
  Installing : libyaml-devel-0.1.6-6.7.amzn1.x86_64                       12/13 
  Installing : patch-2.7.1-10.10.amzn1.x86_64                             13/13 
  Verifying  : patch-2.7.1-10.10.amzn1.x86_64                              1/13 
  Verifying  : libtool-2.4.2-20.4.8.5.32.amzn1.x86_64                      2/13 
  Verifying  : m4-1.4.16-9.10.amzn1.x86_64                                 3/13 
  Verifying  : perl-Thread-Queue-3.02-2.5.amzn1.noarch                     4/13 
  Verifying  : bison-2.7-4.11.amzn1.x86_64                                 5/13 
  Verifying  : automake-1.13.4-3.15.amzn1.noarch                           6/13 
  Verifying  : autoconf-2.69-11.9.amzn1.noarch                             7/13 
  Verifying  : readline-devel-6.2-9.14.amzn1.x86_64                        8/13 
  Verifying  : libyaml-devel-0.1.6-6.7.amzn1.x86_64                        9/13 
  Verifying  : perl-Test-Harness-3.28-3.6.amzn1.noarch                    10/13 
  Verifying  : sqlite-devel-3.7.17-8.14.amzn1.x86_64                      11/13 
  Verifying  : libffi-devel-3.0.13-16.5.amzn1.x86_64                      12/13 
  Verifying  : ncurses-devel-5.7-4.20090207.14.amzn1.x86_64               13/13 

Installed:
  autoconf.noarch 0:2.69-11.9.amzn1                                             
  automake.noarch 0:1.13.4-3.15.amzn1                                           
  bison.x86_64 0:2.7-4.11.amzn1                                                 
  libffi-devel.x86_64 0:3.0.13-16.5.amzn1                                       
  libtool.x86_64 0:2.4.2-20.4.8.5.32.amzn1                                      
  libyaml-devel.x86_64 0:0.1.6-6.7.amzn1                                        
  patch.x86_64 0:2.7.1-10.10.amzn1                                              
  readline-devel.x86_64 0:6.2-9.14.amzn1                                        
  sqlite-devel.x86_64 0:3.7.17-8.14.amzn1                                       

Dependency Installed:
  m4.x86_64 0:1.4.16-9.10.amzn1                                                 
  ncurses-devel.x86_64 0:5.7-4.20090207.14.amzn1                                
  perl-Test-Harness.noarch 0:3.28-3.6.amzn1                                     
  perl-Thread-Queue.noarch 0:3.02-2.5.amzn1                                     

Complete!
